2025-08-04 02:13:00,801 [INFO] 找到微信窗口
2025-08-04 02:13:01,804 [INFO] 微信窗口已激活
2025-08-04 02:19:25,293 [INFO] 找到微信窗口
2025-08-04 02:19:26,295 [INFO] 微信窗口已激活
2025-08-04 02:20:07,083 [INFO] 找到微信窗口
2025-08-04 02:20:08,086 [INFO] 微信窗口已激活
2025-08-04 02:21:14,236 [ERROR] uiautomation不可用，请安装: pip install uiautomation
2025-08-04 02:21:17,473 [ERROR] uiautomation不可用，请安装: pip install uiautomation
2025-08-04 02:21:47,447 [ERROR] uiautomation不可用，请安装: pip install uiautomation
2025-08-04 02:23:31,642 [INFO] 找到微信窗口
2025-08-04 02:23:32,644 [INFO] 微信窗口已激活
2025-08-04 02:24:05,142 [INFO] 找到微信窗口
2025-08-04 02:24:06,144 [INFO] 微信窗口已激活
2025-08-04 02:25:58,661 [ERROR] uiautomation不可用，请安装: pip install uiautomation
2025-08-04 02:25:58,661 [ERROR] uiautomation不可用
2025-08-04 02:26:10,046 [ERROR] uiautomation不可用，请安装: pip install uiautomation
2025-08-04 02:26:10,047 [ERROR] uiautomation不可用
2025-08-04 02:33:36,385 [INFO] 找到微信窗口
2025-08-04 02:33:37,387 [INFO] 微信窗口已激活
2025-08-04 02:34:07,935 [ERROR] uiautomation不可用，请安装: pip install uiautomation
2025-08-04 02:34:07,935 [ERROR] uiautomation不可用
2025-08-04 02:35:12,596 [ERROR] uiautomation不可用，请安装: pip install uiautomation
2025-08-04 02:35:12,596 [ERROR] uiautomation不可用
2025-08-04 02:37:41,383 [ERROR] uiautomation不可用，请安装: pip install uiautomation
2025-08-04 02:37:41,383 [ERROR] uiautomation不可用
2025-08-04 02:38:32,001 [INFO] 找到微信窗口
2025-08-04 02:38:33,021 [INFO] 微信窗口已激活
2025-08-04 02:41:51,035 [INFO] 找到微信窗口
2025-08-04 02:41:52,053 [INFO] 微信窗口已激活
2025-08-04 02:43:15,774 [INFO] 找到微信窗口
2025-08-04 02:43:16,882 [INFO] 微信窗口已激活
2025-08-04 02:43:36,689 [INFO] 微信窗口已激活
2025-08-04 02:43:36,724 [INFO] 找到搜索框: 搜索
2025-08-04 02:43:40,476 [INFO] 搜索联系人: 又是一年冬
2025-08-04 02:44:15,728 [INFO] 微信窗口已激活
2025-08-04 02:44:16,730 [INFO] 微信窗口已激活
2025-08-04 02:44:16,778 [INFO] 找到搜索框: 搜索
2025-08-04 02:44:20,645 [INFO] 搜索联系人: 又是一年冬
2025-08-04 02:44:22,274 [WARNING] 未找到添加好友按钮，可能已经是好友: 又是一年冬
2025-08-04 02:44:59,797 [INFO] 微信窗口已激活
2025-08-04 02:45:00,801 [INFO] 微信窗口已激活
2025-08-04 02:45:00,835 [INFO] 找到搜索框: 搜索
2025-08-04 02:45:04,773 [INFO] 搜索联系人: TSSSOverChina
2025-08-04 02:45:06,356 [WARNING] 未找到添加好友按钮，可能已经是好友: TSSSOverChina
2025-08-04 02:45:30,325 [INFO] 微信窗口已激活
2025-08-04 02:45:31,327 [INFO] 微信窗口已激活
2025-08-04 02:45:31,370 [INFO] 找到搜索框: 搜索
2025-08-04 02:45:35,308 [INFO] 搜索联系人: TSSSOverChina
2025-08-04 02:45:36,831 [WARNING] 未找到添加好友按钮，可能已经是好友: TSSSOverChina
2025-08-04 02:46:57,840 [INFO] 找到微信窗口
2025-08-04 02:46:58,842 [INFO] 微信窗口已激活
2025-08-04 02:47:59,811 [INFO] 微信窗口已激活
2025-08-04 02:48:00,813 [INFO] 微信窗口已激活
2025-08-04 02:48:00,865 [INFO] 找到搜索框: 搜索
2025-08-04 02:48:04,510 [INFO] 搜索联系人: TSSSOverChina
2025-08-04 02:48:06,511 [INFO] 尝试点击搜索结果...
2025-08-04 02:48:07,484 [INFO] 点击了第一个搜索结果
2025-08-04 02:48:11,669 [WARNING] 未找到添加好友按钮，可能已经是好友: TSSSOverChina
2025-08-04 02:49:11,921 [INFO] 找到微信窗口
2025-08-04 02:49:12,923 [INFO] 微信窗口已激活
2025-08-04 02:49:13,925 [INFO] 微信窗口已激活
2025-08-04 02:49:13,973 [INFO] 找到搜索框: 搜索
2025-08-04 02:49:17,819 [INFO] 搜索联系人: TSSSOverChina
2025-08-04 02:49:19,819 [INFO] 尝试点击搜索结果...
2025-08-04 02:49:20,495 [INFO] 点击了第一个搜索结果
2025-08-04 02:49:22,496 [INFO] 调试：列出当前页面的控件...
2025-08-04 02:49:22,512 [INFO] 找到 0 个按钮控件
2025-08-04 02:49:26,009 [WARNING] 未找到添加好友按钮，可能已经是好友: TSSSOverChina
2025-08-04 02:52:27,634 [INFO] 找到微信窗口
2025-08-04 02:52:28,636 [INFO] 微信窗口已激活
2025-08-04 02:52:29,637 [INFO] 微信窗口已激活
2025-08-04 02:52:29,746 [INFO] 找到搜索框: 搜索
2025-08-04 02:52:33,665 [INFO] 搜索联系人: TSSSOverChina
2025-08-04 02:52:35,665 [INFO] 尝试点击搜索结果...
2025-08-04 02:52:36,386 [INFO] 点击了第一个搜索结果
2025-08-04 02:52:39,386 [INFO] 调试：列出当前页面的控件...
2025-08-04 02:52:39,403 [INFO]   控件1: 添加朋友请求 (50032)
2025-08-04 02:52:39,405 [INFO] 找到 0 个按钮控件
2025-08-04 02:52:39,405 [INFO] 查找'添加到通讯录'按钮...
2025-08-04 02:52:43,654 [INFO] 找到可能的添加按钮: 添加朋友请求
2025-08-04 02:52:45,415 [INFO] ✅ 成功点击'添加到通讯录'按钮，等待对话框...
2025-08-04 02:52:47,416 [INFO] 查找验证消息输入框...
2025-08-04 02:52:47,425 [WARNING] 未找到验证消息输入框，尝试直接输入
2025-08-04 02:52:48,080 [INFO] 查找确定按钮...
2025-08-04 02:52:48,826 [INFO] ✅ 点击了按钮: 确定
2025-08-04 02:52:49,827 [INFO] 🎉 已成功发送好友申请给: TSSSOverChina
2025-08-04 02:53:01,789 [ERROR] 未找到微信窗口，请确保微信已打开
2025-08-04 02:53:11,889 [ERROR] 未找到微信窗口，请确保微信已打开
2025-08-04 02:53:36,516 [INFO] 找到微信窗口
2025-08-04 02:53:37,518 [INFO] 微信窗口已激活
2025-08-04 02:54:01,829 [INFO] 微信窗口已激活
2025-08-04 02:54:02,832 [INFO] 微信窗口已激活
2025-08-04 02:54:02,889 [INFO] 找到搜索框: 搜索
2025-08-04 02:54:06,845 [INFO] 搜索联系人: TSSSOverChina
2025-08-04 02:54:08,846 [INFO] 尝试点击搜索结果...
2025-08-04 02:54:09,526 [INFO] 点击了第一个搜索结果
2025-08-04 02:54:12,526 [INFO] 调试：列出当前页面的控件...
2025-08-04 02:54:12,532 [INFO] 找到 0 个按钮控件
2025-08-04 02:54:12,532 [INFO] 查找'添加到通讯录'按钮...
2025-08-04 02:54:16,440 [WARNING] 未找到添加好友按钮，可能已经是好友: TSSSOverChina
2025-08-04 03:00:35,560 [INFO] 找到微信窗口
2025-08-04 03:00:36,563 [INFO] 微信窗口已激活
2025-08-04 03:00:37,565 [INFO] 微信窗口已激活
2025-08-04 03:00:37,670 [INFO] 找到搜索框: 搜索
2025-08-04 03:00:41,620 [INFO] 搜索联系人: TSSSOverChina
2025-08-04 03:00:43,621 [INFO] 查找'网络查找微信号'选项...
2025-08-04 03:00:45,472 [ERROR] ❌ 未找到'网络查找微信号'选项
2025-08-04 03:00:45,472 [INFO] 💡 请确保搜索的是微信号而不是昵称
2025-08-04 03:01:17,558 [INFO] 找到微信窗口
2025-08-04 03:01:18,560 [INFO] 微信窗口已激活
2025-08-04 03:02:14,131 [INFO] 微信窗口已激活
2025-08-04 03:02:15,132 [INFO] 微信窗口已激活
2025-08-04 03:02:15,183 [INFO] 找到搜索框: 搜索
2025-08-04 03:02:19,081 [INFO] 搜索联系人: TSSSOverChina
2025-08-04 03:02:21,082 [INFO] 查找'网络查找微信号'选项...
2025-08-04 03:02:22,594 [ERROR] ❌ 未找到'网络查找微信号'选项
2025-08-04 03:02:22,594 [INFO] 💡 请确保搜索的是微信号而不是昵称
2025-08-04 03:02:55,036 [INFO] 微信窗口已激活
2025-08-04 03:02:56,038 [INFO] 微信窗口已激活
2025-08-04 03:02:56,081 [INFO] 找到搜索框: 搜索
2025-08-04 03:02:59,969 [INFO] 搜索联系人: TSSSOverChina
2025-08-04 03:03:01,970 [INFO] 查找'网络查找微信号'选项...
2025-08-04 03:03:03,489 [ERROR] ❌ 未找到'网络查找微信号'选项
2025-08-04 03:03:03,489 [INFO] 💡 请确保搜索的是微信号而不是昵称
2025-08-04 03:04:14,124 [INFO] 找到微信窗口
2025-08-04 03:04:15,126 [INFO] 微信窗口已激活
2025-08-04 03:04:16,129 [INFO] 微信窗口已激活
2025-08-04 03:04:16,176 [INFO] 找到搜索框: 搜索
2025-08-04 03:04:19,918 [INFO] 搜索联系人: TSSSOverChina
2025-08-04 03:04:21,918 [INFO] 查找'网络查找微信号'选项...
2025-08-04 03:04:21,918 [INFO] 调试：列出搜索结果区域的控件...
2025-08-04 03:04:23,506 [INFO] ✅ 找到并点击了: 网络查找微信号 (TextControl)
2025-08-04 03:04:26,506 [INFO] ✅ 成功点击网络查找，等待用户卡片加载...
2025-08-04 03:04:26,506 [INFO] 调试：列出当前页面的控件...
2025-08-04 03:04:26,519 [INFO] 找到 0 个按钮控件
2025-08-04 03:04:26,519 [INFO] 查找绿色'添加到通讯录'按钮...
2025-08-04 03:04:31,742 [WARNING] 未找到添加好友按钮，可能已经是好友: TSSSOverChina
2025-08-04 03:05:10,542 [INFO] 找到微信窗口
2025-08-04 03:05:11,543 [INFO] 微信窗口已激活
2025-08-04 03:05:12,545 [INFO] 微信窗口已激活
2025-08-04 03:05:12,588 [INFO] 找到搜索框: 搜索
2025-08-04 03:05:16,449 [INFO] 搜索联系人: TSSSOverChina
2025-08-04 03:05:18,450 [INFO] 查找'网络查找微信号'选项...
2025-08-04 03:05:18,450 [INFO] 调试：列出搜索结果区域的控件...
2025-08-04 03:05:19,869 [INFO] ✅ 找到并点击了: 网络查找微信号 (TextControl)
2025-08-04 03:05:22,869 [INFO] ✅ 成功点击网络查找，等待用户卡片加载...
2025-08-04 03:05:22,869 [INFO] 调试：列出当前页面的控件...
2025-08-04 03:05:22,874 [INFO] 找到 0 个按钮控件
2025-08-04 03:05:22,874 [INFO] 查找绿色'添加到通讯录'按钮...
2025-08-04 03:06:55,697 [INFO] 找到微信窗口
2025-08-04 03:06:56,699 [INFO] 微信窗口已激活
2025-08-04 03:06:57,701 [INFO] 微信窗口已激活
2025-08-04 03:06:57,743 [INFO] 找到搜索框: 搜索
2025-08-04 03:07:01,627 [INFO] 搜索联系人: TSSSOverChina
2025-08-04 03:07:03,628 [INFO] 查找'网络查找微信号'选项...
2025-08-04 03:07:03,629 [INFO] 调试：列出搜索结果区域的控件...
2025-08-04 03:07:04,760 [INFO] ✅ 找到并点击了: 网络查找微信号 (TextControl)
2025-08-04 03:07:07,761 [INFO] ✅ 成功点击网络查找，等待用户卡片加载...
2025-08-04 03:07:07,761 [INFO] 调试：列出当前页面的控件...
2025-08-04 03:07:07,773 [INFO] 找到 0 个按钮控件
2025-08-04 03:07:07,773 [INFO] 查找绿色'添加到通讯录'按钮...
2025-08-04 03:07:11,774 [INFO] 调试：列出用户卡片区域的控件...
2025-08-04 03:07:11,783 [INFO] 总共找到 0 个按钮控件
2025-08-04 03:07:12,737 [INFO] 递归查找'添加到通讯录'按钮...
2025-08-04 03:07:12,741 [INFO] 尝试通过模糊匹配查找...
2025-08-04 03:07:12,751 [WARNING] 未找到添加好友按钮，可能已经是好友: TSSSOverChina
2025-08-04 03:09:01,237 [INFO] 找到微信窗口
2025-08-04 03:09:02,240 [INFO] 微信窗口已激活
2025-08-04 03:09:03,244 [INFO] 微信窗口已激活
2025-08-04 03:09:03,286 [INFO] 找到搜索框: 搜索
2025-08-04 03:09:06,929 [INFO] 搜索联系人: TSSSOverChina
2025-08-04 03:09:08,930 [INFO] 查找'网络查找微信号'选项...
2025-08-04 03:09:08,930 [INFO] 调试：列出搜索结果区域的控件...
2025-08-04 03:09:10,049 [INFO] ✅ 找到并点击了: 网络查找微信号 (TextControl)
2025-08-04 03:09:13,050 [INFO] ✅ 成功点击网络查找，等待用户卡片加载...
2025-08-04 03:09:13,050 [INFO] 调试：列出当前页面的控件...
2025-08-04 03:09:13,059 [INFO] 找到 0 个按钮控件
2025-08-04 03:09:13,059 [INFO] 查找绿色'添加到通讯录'按钮...
2025-08-04 03:09:13,060 [INFO] 等待并查找'添加到通讯录'按钮... (1/7)
2025-08-04 03:09:15,136 [INFO] ✅ 在桌面范围内找到'添加到通讯录'按钮！
2025-08-04 03:09:20,104 [INFO] ✅ 成功点击'添加到通讯录'按钮，等待对话框...
2025-08-04 03:09:23,105 [INFO] 查找验证消息输入框...
2025-08-04 03:09:23,121 [WARNING] 未找到验证消息输入框
2025-08-04 03:09:23,121 [INFO] 查找备注名输入框...
2025-08-04 03:09:23,127 [WARNING] 未找到备注名输入框
2025-08-04 03:09:23,127 [INFO] 查找确定按钮...
2025-08-04 03:09:24,000 [INFO] ✅ 点击了按钮: 确定
2025-08-04 03:09:25,001 [INFO] 🎉 已成功发送好友申请给: TSSSOverChina
2025-08-04 03:09:25,002 [INFO] 📝 备注名: 测试备注
2025-08-04 03:09:34,736 [INFO] 找到微信窗口
2025-08-04 03:09:35,737 [INFO] 微信窗口已激活
2025-08-04 03:10:46,532 [INFO] 微信窗口已激活
2025-08-04 03:10:47,533 [INFO] 微信窗口已激活
2025-08-04 03:10:47,577 [INFO] 找到搜索框: 搜索
2025-08-04 03:10:51,461 [INFO] 搜索联系人: TSSSOverChina
2025-08-04 03:10:53,483 [INFO] 查找'网络查找微信号'选项...
2025-08-04 03:10:53,509 [INFO] 调试：列出搜索结果区域的控件...
2025-08-04 03:10:56,939 [INFO] ✅ 找到并点击了: 网络查找微信号 (TextControl)
2025-08-04 03:10:59,940 [INFO] ✅ 成功点击网络查找，等待用户卡片加载...
2025-08-04 03:10:59,940 [INFO] 调试：列出当前页面的控件...
2025-08-04 03:10:59,944 [INFO] 找到 0 个按钮控件
2025-08-04 03:10:59,944 [INFO] 查找绿色'添加到通讯录'按钮...
2025-08-04 03:10:59,944 [INFO] 等待并查找'添加到通讯录'按钮... (1/7)
2025-08-04 03:11:02,031 [INFO] ✅ 在桌面范围内找到'添加到通讯录'按钮！
2025-08-04 03:11:08,472 [INFO] ✅ 成功点击'添加到通讯录'按钮，等待对话框...
2025-08-04 03:11:11,473 [INFO] 查找验证消息输入框...
2025-08-04 03:11:11,486 [WARNING] 未找到验证消息输入框
2025-08-04 03:11:11,486 [INFO] 查找备注名输入框...
2025-08-04 03:11:11,492 [WARNING] 未找到备注名输入框
2025-08-04 03:11:11,492 [INFO] 查找确定按钮...
2025-08-04 03:11:12,331 [INFO] ✅ 点击了按钮: 确定
2025-08-04 03:11:13,333 [INFO] 🎉 已成功发送好友申请给: TSSSOverChina
2025-08-04 03:11:13,333 [INFO] 📝 备注名: 测试备注
2025-08-04 03:18:10,681 [INFO] 微信窗口已激活
2025-08-04 03:18:11,683 [INFO] 微信窗口已激活
2025-08-04 03:18:11,727 [INFO] 找到搜索框: 搜索
2025-08-04 03:18:30,725 [INFO] 找到微信窗口
2025-08-04 03:18:31,727 [INFO] 微信窗口已激活
2025-08-04 03:18:32,729 [INFO] 微信窗口已激活
2025-08-04 03:18:32,775 [INFO] 找到搜索框: 搜索
2025-08-04 03:18:36,289 [INFO] 搜索联系人: TSSSOverChina
2025-08-04 03:18:38,290 [INFO] 查找'网络查找微信号'选项...
2025-08-04 03:18:38,290 [INFO] 调试：列出搜索结果区域的控件...
2025-08-04 03:18:39,862 [INFO] ✅ 找到并点击了: 网络查找微信号 (TextControl)
2025-08-04 03:18:42,863 [INFO] ✅ 成功点击网络查找，等待用户卡片加载...
2025-08-04 03:18:42,865 [INFO] 调试：列出当前页面的控件...
2025-08-04 03:18:42,877 [INFO] 找到 0 个按钮控件
2025-08-04 03:18:42,877 [INFO] 查找绿色'添加到通讯录'按钮...
2025-08-04 03:18:42,877 [INFO] 等待并查找'添加到通讯录'按钮... (1/7)
2025-08-04 03:18:44,943 [INFO] ✅ 在桌面范围内找到'添加到通讯录'按钮！
2025-08-04 03:18:51,383 [INFO] ✅ 成功点击'添加到通讯录'按钮，等待对话框...
2025-08-04 03:18:54,384 [INFO] 查找验证消息输入框...
2025-08-04 03:18:55,221 [INFO] 找到 0 个编辑框
2025-08-04 03:18:55,222 [WARNING] 未找到验证消息输入框
2025-08-04 03:18:55,222 [INFO] 查找备注名输入框...
2025-08-04 03:18:55,795 [WARNING] 未找到备注名输入框
2025-08-04 03:18:55,795 [INFO] 查找确定按钮...
2025-08-04 03:18:56,637 [INFO] ✅ 点击了按钮: 确定
2025-08-04 03:18:57,832 [INFO] 📸 截图已保存: screenshots\20250804_031857_TSSSOverChina_添加好友.png
2025-08-04 03:18:57,833 [INFO] 🎉 已成功发送好友申请给: TSSSOverChina
2025-08-04 03:18:57,833 [INFO] 📝 备注名: 测试备注名
2025-08-04 03:19:31,393 [INFO] 找到微信窗口
2025-08-04 03:19:32,395 [INFO] 微信窗口已激活
2025-08-04 03:19:33,397 [INFO] 微信窗口已激活
2025-08-04 03:19:33,436 [INFO] 找到搜索框: 搜索
2025-08-04 03:19:37,320 [INFO] 搜索联系人: TSSSOverChina
2025-08-04 03:19:39,321 [INFO] 查找'网络查找微信号'选项...
2025-08-04 03:19:39,321 [INFO] 调试：列出搜索结果区域的控件...
2025-08-04 03:19:40,901 [INFO] ✅ 找到并点击了: 网络查找微信号 (TextControl)
2025-08-04 03:19:43,902 [INFO] ✅ 成功点击网络查找，等待用户卡片加载...
2025-08-04 03:19:43,903 [INFO] 调试：列出当前页面的控件...
2025-08-04 03:19:43,915 [INFO] 找到 0 个按钮控件
2025-08-04 03:19:43,915 [INFO] 查找绿色'添加到通讯录'按钮...
2025-08-04 03:19:43,915 [INFO] 等待并查找'添加到通讯录'按钮... (1/7)
2025-08-04 03:19:45,984 [INFO] ✅ 在桌面范围内找到'添加到通讯录'按钮！
2025-08-04 03:19:52,336 [INFO] ✅ 成功点击'添加到通讯录'按钮，等待对话框...
2025-08-04 03:19:55,341 [INFO] 查找验证消息输入框...
2025-08-04 03:19:55,341 [WARNING] 查找编辑框失败: 'PaneControl' object has no attribute 'FindAll'
2025-08-04 03:19:55,341 [WARNING] 未找到验证消息输入框
2025-08-04 03:19:55,341 [INFO] 查找备注名输入框...
2025-08-04 03:19:55,945 [WARNING] 未找到备注名输入框
2025-08-04 03:19:55,947 [INFO] 查找确定按钮...
2025-08-04 03:19:56,786 [INFO] ✅ 点击了按钮: 确定
2025-08-04 03:19:57,960 [INFO] 📸 截图已保存: screenshots\20250804_031957_TSSSOverChina_添加好友.png
2025-08-04 03:19:57,961 [INFO] 🎉 已成功发送好友申请给: TSSSOverChina
2025-08-04 03:19:57,961 [INFO] 📝 备注名: 测试备注名
2025-08-04 03:21:20,227 [INFO] 找到微信窗口
2025-08-04 03:21:21,228 [INFO] 微信窗口已激活
2025-08-04 03:21:22,230 [INFO] 微信窗口已激活
2025-08-04 03:21:22,278 [INFO] 找到搜索框: 搜索
2025-08-04 03:21:26,090 [INFO] 搜索联系人: TSSSOverChina
2025-08-04 03:21:28,091 [INFO] 查找'网络查找微信号'选项...
2025-08-04 03:21:28,091 [INFO] 调试：列出搜索结果区域的控件...
2025-08-04 03:21:29,834 [INFO] ✅ 找到并点击了: 网络查找微信号 (TextControl)
2025-08-04 03:21:32,835 [INFO] ✅ 成功点击网络查找，等待用户卡片加载...
2025-08-04 03:21:32,835 [INFO] 调试：列出当前页面的控件...
2025-08-04 03:21:32,842 [INFO] 找到 0 个按钮控件
2025-08-04 03:21:32,842 [INFO] 查找绿色'添加到通讯录'按钮...
2025-08-04 03:21:32,842 [INFO] 等待并查找'添加到通讯录'按钮... (1/7)
2025-08-04 03:21:34,914 [INFO] ✅ 在桌面范围内找到'添加到通讯录'按钮！
2025-08-04 03:21:41,431 [INFO] ✅ 成功点击'添加到通讯录'按钮，等待对话框...
2025-08-04 03:21:44,432 [INFO] 使用键盘输入验证消息和备注名...
2025-08-04 03:21:49,421 [INFO] ✅ 输入验证消息: 你好，希望能加个好友！
2025-08-04 03:21:52,343 [INFO] ✅ 输入备注名: 测试备注名
2025-08-04 03:21:52,344 [INFO] 查找确定按钮...
2025-08-04 03:21:53,192 [INFO] ✅ 点击了按钮: 确定
2025-08-04 03:21:54,367 [INFO] 📸 截图已保存: screenshots\20250804_032154_TSSSOverChina_添加好友.png
2025-08-04 03:21:54,368 [INFO] 🎉 已成功发送好友申请给: TSSSOverChina
2025-08-04 03:21:54,368 [INFO] 📝 备注名: 测试备注名
2025-08-04 03:22:12,726 [INFO] 找到微信窗口
2025-08-04 03:22:13,728 [INFO] 微信窗口已激活
2025-08-04 03:25:17,795 [INFO] 找到微信窗口
2025-08-04 03:25:18,797 [INFO] 微信窗口已激活
2025-08-04 03:25:56,882 [INFO] 微信窗口已激活
2025-08-04 03:25:57,884 [INFO] 微信窗口已激活
2025-08-04 03:25:57,925 [INFO] 找到搜索框: 搜索
2025-08-04 03:26:01,838 [INFO] 搜索联系人: BitleSuper
2025-08-04 03:26:03,839 [INFO] 查找'网络查找微信号'选项...
2025-08-04 03:26:03,839 [INFO] 调试：列出搜索结果区域的控件...
2025-08-04 03:26:04,912 [INFO] ✅ 找到并点击了: 网络查找微信号 (TextControl)
2025-08-04 03:26:07,913 [INFO] ✅ 成功点击网络查找，等待用户卡片加载...
2025-08-04 03:26:07,913 [INFO] 调试：列出当前页面的控件...
2025-08-04 03:26:07,920 [INFO] 找到 0 个按钮控件
2025-08-04 03:26:07,920 [INFO] 查找绿色'添加到通讯录'按钮...
2025-08-04 03:26:07,920 [INFO] 等待并查找'添加到通讯录'按钮... (1/7)
2025-08-04 03:26:09,985 [INFO] ✅ 在桌面范围内找到'添加到通讯录'按钮！
2025-08-04 03:26:14,421 [INFO] ✅ 成功点击'添加到通讯录'按钮，等待对话框...
2025-08-04 03:26:17,421 [INFO] 使用键盘输入验证消息和备注名...
2025-08-04 03:26:22,412 [INFO] ✅ 输入验证消息: 250804添加一下吧
2025-08-04 03:26:25,380 [INFO] ✅ 输入备注名: 250804你好呀
2025-08-04 03:26:25,380 [INFO] 查找确定按钮...
2025-08-04 03:26:26,086 [WARNING] ❌ 未找到确定按钮
2025-08-04 03:27:17,967 [INFO] 微信窗口已激活
2025-08-04 03:27:18,969 [INFO] 微信窗口已激活
2025-08-04 03:27:19,016 [INFO] 找到搜索框: 搜索
2025-08-04 03:27:22,922 [INFO] 搜索联系人: BitleSuper
2025-08-04 03:27:24,923 [INFO] 查找'网络查找微信号'选项...
2025-08-04 03:27:24,924 [INFO] 调试：列出搜索结果区域的控件...
2025-08-04 03:27:25,966 [INFO] ✅ 找到并点击了: 网络查找微信号 (TextControl)
2025-08-04 03:27:28,967 [INFO] ✅ 成功点击网络查找，等待用户卡片加载...
2025-08-04 03:27:28,967 [INFO] 调试：列出当前页面的控件...
2025-08-04 03:27:28,982 [INFO] 找到 0 个按钮控件
2025-08-04 03:27:28,983 [INFO] 查找绿色'添加到通讯录'按钮...
2025-08-04 03:27:28,983 [INFO] 等待并查找'添加到通讯录'按钮... (1/7)
2025-08-04 03:27:31,046 [INFO] ✅ 在桌面范围内找到'添加到通讯录'按钮！
2025-08-04 03:27:35,676 [INFO] ✅ 成功点击'添加到通讯录'按钮，等待对话框...
2025-08-04 03:27:38,677 [INFO] 使用键盘输入验证消息和备注名...
2025-08-04 03:27:43,577 [INFO] ✅ 输入验证消息: 你好哦
2025-08-04 03:27:46,477 [INFO] ✅ 输入备注名: 哒哒哒
2025-08-04 03:27:46,477 [INFO] 查找确定按钮...
2025-08-04 03:27:47,196 [INFO] ✅ 点击了按钮: 确定
2025-08-04 03:27:48,435 [INFO] 📸 截图已保存: screenshots\20250804_032748_BitleSuper_添加好友.png
2025-08-04 03:27:48,435 [INFO] 🎉 已成功发送好友申请给: BitleSuper
2025-08-04 03:27:48,438 [INFO] 📝 备注名: 哒哒哒
2025-08-04 03:30:06,555 [INFO] 微信窗口已激活
2025-08-04 03:30:07,057 [INFO] 微信窗口已激活
2025-08-04 03:30:07,060 [ERROR] 搜索联系人失败: (-2147220991, '事件无法调用任何订户', (None, None, None, 0, None))
2025-08-04 03:30:41,024 [INFO] 微信窗口已激活
2025-08-04 03:30:41,525 [INFO] 微信窗口已激活
2025-08-04 03:30:41,525 [ERROR] 搜索联系人失败: (-2147220991, '事件无法调用任何订户', (None, None, None, 0, None))
2025-08-04 03:33:15,030 [INFO] 找到微信窗口
2025-08-04 03:33:16,033 [INFO] 微信窗口已激活
2025-08-04 03:33:17,035 [INFO] 微信窗口已激活
2025-08-04 03:33:17,073 [INFO] 找到搜索框: 搜索
2025-08-04 03:33:22,031 [INFO] 搜索联系人 (标准方法): BitleSuper
2025-08-04 03:33:24,032 [INFO] 查找'网络查找微信号'选项...
2025-08-04 03:33:24,032 [INFO] 调试：列出搜索结果区域的控件...
2025-08-04 03:33:25,080 [INFO] ✅ 找到并点击了: 网络查找微信号 (TextControl)
2025-08-04 03:33:28,081 [INFO] ✅ 成功点击网络查找，等待用户卡片加载...
2025-08-04 03:33:28,081 [INFO] 调试：列出当前页面的控件...
2025-08-04 03:33:28,093 [INFO] 找到 0 个按钮控件
2025-08-04 03:33:28,093 [INFO] 查找绿色'添加到通讯录'按钮...
2025-08-04 03:33:28,093 [INFO] 等待并查找'添加到通讯录'按钮... (1/7)
2025-08-04 03:33:30,167 [INFO] ✅ 在桌面范围内找到'添加到通讯录'按钮！
2025-08-04 03:33:34,871 [INFO] ✅ 成功点击'添加到通讯录'按钮，等待对话框...
2025-08-04 03:33:37,872 [INFO] 使用键盘输入验证消息和备注名...
2025-08-04 03:33:42,776 [INFO] ✅ 输入验证消息: 你好哦
2025-08-04 03:33:45,675 [INFO] ✅ 输入备注名: 哒哒哒
2025-08-04 03:33:45,675 [INFO] 查找确定按钮...
2025-08-04 03:33:46,395 [INFO] ✅ 点击了按钮: 确定
2025-08-04 03:33:47,550 [INFO] 📸 截图已保存: screenshots\20250804_033347_BitleSuper_添加好友.png
2025-08-04 03:33:47,552 [INFO] 🎉 已成功发送好友申请给: BitleSuper
2025-08-04 03:33:47,552 [INFO] 📝 备注名: 哒哒哒
2025-08-04 19:26:15,920 [INFO] 找到微信窗口
2025-08-04 19:27:00,092 [INFO] 找到微信窗口
2025-08-04 19:27:13,338 [INFO] 找到微信窗口
2025-08-04 19:27:15,031 [INFO] 找到微信窗口
2025-08-04 19:27:16,394 [INFO] 找到微信窗口
2025-08-04 19:27:17,698 [INFO] 找到微信窗口
2025-08-04 19:27:19,022 [INFO] 找到微信窗口
2025-08-04 19:28:55,131 [INFO] 找到微信窗口
2025-08-04 19:48:25,937 [INFO] 找到微信窗口
2025-08-04 20:02:07,728 [INFO] 找到微信窗口
2025-08-04 20:08:36,072 [INFO] 找到微信窗口
2025-08-04 20:09:57,874 [INFO] 找到微信窗口
2025-08-04 20:09:58,512 [INFO] 找到微信窗口
2025-08-04 20:10:21,560 [INFO] 找到微信窗口
2025-08-04 20:10:22,576 [INFO] 微信窗口已激活
2025-08-04 20:10:23,578 [INFO] 微信窗口已激活
2025-08-04 20:10:23,620 [INFO] 找到搜索框: 搜索
2025-08-04 20:10:28,597 [INFO] 搜索联系人 (标准方法): Ybycy19940805
2025-08-04 20:10:30,598 [INFO] 查找'网络查找微信号'选项...
2025-08-04 20:10:30,598 [INFO] 调试：列出搜索结果区域的控件...
2025-08-04 20:10:32,007 [INFO] ✅ 找到并点击了: 网络查找微信号 (TextControl)
2025-08-04 20:10:35,007 [INFO] ✅ 成功点击网络查找，等待用户卡片加载...
2025-08-04 20:10:35,008 [INFO] 调试：列出当前页面的控件...
2025-08-04 20:10:35,020 [INFO]   控件1: 该用户不存在 (50033)
2025-08-04 20:10:35,021 [INFO] 找到 0 个按钮控件
2025-08-04 20:10:35,021 [INFO] 查找绿色'添加到通讯录'按钮...
2025-08-04 20:10:35,021 [INFO] 等待并查找'添加到通讯录'按钮... (1/7)
2025-08-04 20:11:22,753 [INFO] 等待并查找'添加到通讯录'按钮... (2/7)
2025-08-04 20:12:08,220 [INFO] 等待并查找'添加到通讯录'按钮... (3/7)
2025-08-04 20:29:19,052 [INFO] 找到微信窗口
2025-08-04 20:29:50,411 [INFO] 找到微信窗口
2025-08-04 20:29:51,811 [INFO] 找到微信窗口
2025-08-04 20:29:52,362 [INFO] 找到微信窗口
2025-08-04 20:29:52,841 [INFO] 找到微信窗口
2025-08-04 20:29:53,061 [INFO] 找到微信窗口
2025-08-04 20:29:53,246 [INFO] 找到微信窗口
2025-08-04 20:37:30,040 [INFO] 找到微信窗口
2025-08-04 20:37:34,892 [INFO] 找到微信窗口
2025-08-04 20:37:35,464 [INFO] 找到微信窗口
2025-08-04 20:37:35,909 [INFO] 找到微信窗口
2025-08-04 20:37:36,957 [INFO] 找到微信窗口
2025-08-04 20:37:37,864 [INFO] 找到微信窗口
2025-08-04 20:41:51,523 [INFO] 找到微信窗口
2025-08-04 20:47:37,024 [INFO] 找到微信窗口
2025-08-04 20:47:37,731 [INFO] 找到微信窗口
2025-08-04 20:47:38,892 [INFO] 找到微信窗口
2025-08-04 21:02:21,002 [INFO] 找到微信窗口
2025-08-04 21:05:51,647 [INFO] 找到微信窗口
2025-08-04 21:05:52,683 [INFO] 微信窗口已激活
2025-08-04 21:05:53,685 [INFO] 微信窗口已激活
2025-08-04 21:05:53,729 [INFO] 找到搜索框: 搜索
2025-08-04 21:05:58,690 [INFO] 搜索联系人 (标准方法): Ybycy19940805
2025-08-04 21:06:00,690 [INFO] 查找'网络查找微信号'选项...
2025-08-04 21:06:00,690 [INFO] 调试：列出搜索结果区域的控件...
2025-08-04 21:06:02,096 [INFO] ✅ 找到并点击了: 网络查找微信号 (TextControl)
2025-08-04 21:06:05,097 [INFO] ✅ 成功点击网络查找，等待用户卡片加载...
2025-08-04 21:06:05,097 [INFO] 调试：列出当前页面的控件...
2025-08-04 21:06:05,113 [INFO]   控件1: 该用户不存在 (50033)
2025-08-04 21:06:05,114 [INFO] 找到 0 个按钮控件
2025-08-04 21:06:05,114 [INFO] 查找绿色'添加到通讯录'按钮...
2025-08-04 21:06:05,115 [INFO] 等待并查找'添加到通讯录'按钮... (1/7)
2025-08-04 21:19:27,591 [INFO] 找到微信窗口
2025-08-04 21:20:09,999 [INFO] 找到微信窗口
2025-08-04 21:20:11,001 [INFO] 微信窗口已激活
2025-08-04 21:20:12,004 [INFO] 微信窗口已激活
2025-08-04 21:20:12,068 [INFO] 找到搜索框: 搜索
2025-08-04 21:20:17,045 [INFO] 搜索联系人 (标准方法): Ybycy19940805
2025-08-04 21:20:20,045 [INFO] 检查是否出现'无法找到该用户'弹窗...
2025-08-04 21:33:46,724 [INFO] 找到微信窗口
2025-08-04 21:34:39,257 [INFO] 找到微信窗口
2025-08-04 21:34:39,258 [INFO] 🔄 使用混合模式添加好友: Ybycy19940805
2025-08-04 21:43:49,763 [INFO] 找到微信窗口
2025-08-04 21:44:19,682 [ERROR] Traceback (most recent call last):
  File "D:\DevelopmentProject\python\wxauto\.venv\Lib\site-packages\webview\util.py", line 241, in _call
    result = func(*func_params)
             ^^^^^^^^^^^^^^^^^^
TypeError: API.add_wechat_friend() takes 2 positional arguments but 3 were given

2025-08-04 21:44:19,685 [ERROR] Traceback (most recent call last):
  File "D:\DevelopmentProject\python\wxauto\.venv\Lib\site-packages\webview\util.py", line 241, in _call
    result = func(*func_params)
             ^^^^^^^^^^^^^^^^^^
TypeError: API.add_wechat_friend() takes 2 positional arguments but 3 were given

2025-08-04 21:44:19,691 [ERROR] Traceback (most recent call last):
  File "D:\DevelopmentProject\python\wxauto\.venv\Lib\site-packages\webview\util.py", line 241, in _call
    result = func(*func_params)
             ^^^^^^^^^^^^^^^^^^
TypeError: API.add_wechat_friend() takes 2 positional arguments but 3 were given

2025-08-04 21:44:19,697 [ERROR] Traceback (most recent call last):
  File "D:\DevelopmentProject\python\wxauto\.venv\Lib\site-packages\webview\util.py", line 241, in _call
    result = func(*func_params)
             ^^^^^^^^^^^^^^^^^^
TypeError: API.add_wechat_friend() takes 2 positional arguments but 3 were given

2025-08-04 21:44:19,701 [ERROR] Traceback (most recent call last):
  File "D:\DevelopmentProject\python\wxauto\.venv\Lib\site-packages\webview\util.py", line 241, in _call
    result = func(*func_params)
             ^^^^^^^^^^^^^^^^^^
TypeError: API.add_wechat_friend() takes 2 positional arguments but 3 were given

2025-08-04 21:44:19,713 [ERROR] Traceback (most recent call last):
  File "D:\DevelopmentProject\python\wxauto\.venv\Lib\site-packages\webview\util.py", line 241, in _call
    result = func(*func_params)
             ^^^^^^^^^^^^^^^^^^
TypeError: API.add_wechat_friend() takes 2 positional arguments but 3 were given

2025-08-04 21:44:19,717 [ERROR] Traceback (most recent call last):
  File "D:\DevelopmentProject\python\wxauto\.venv\Lib\site-packages\webview\util.py", line 241, in _call
    result = func(*func_params)
             ^^^^^^^^^^^^^^^^^^
TypeError: API.add_wechat_friend() takes 2 positional arguments but 3 were given

2025-08-04 21:44:19,730 [ERROR] Traceback (most recent call last):
  File "D:\DevelopmentProject\python\wxauto\.venv\Lib\site-packages\webview\util.py", line 241, in _call
    result = func(*func_params)
             ^^^^^^^^^^^^^^^^^^
TypeError: API.add_wechat_friend() takes 2 positional arguments but 3 were given

2025-08-04 21:44:19,736 [ERROR] Traceback (most recent call last):
  File "D:\DevelopmentProject\python\wxauto\.venv\Lib\site-packages\webview\util.py", line 241, in _call
    result = func(*func_params)
             ^^^^^^^^^^^^^^^^^^
TypeError: API.add_wechat_friend() takes 2 positional arguments but 3 were given

2025-08-04 21:44:19,740 [ERROR] Traceback (most recent call last):
  File "D:\DevelopmentProject\python\wxauto\.venv\Lib\site-packages\webview\util.py", line 241, in _call
    result = func(*func_params)
             ^^^^^^^^^^^^^^^^^^
TypeError: API.add_wechat_friend() takes 2 positional arguments but 3 were given

2025-08-04 21:44:19,746 [ERROR] Traceback (most recent call last):
  File "D:\DevelopmentProject\python\wxauto\.venv\Lib\site-packages\webview\util.py", line 241, in _call
    result = func(*func_params)
             ^^^^^^^^^^^^^^^^^^
TypeError: API.add_wechat_friend() takes 2 positional arguments but 3 were given

2025-08-04 21:44:19,751 [ERROR] Traceback (most recent call last):
  File "D:\DevelopmentProject\python\wxauto\.venv\Lib\site-packages\webview\util.py", line 241, in _call
    result = func(*func_params)
             ^^^^^^^^^^^^^^^^^^
TypeError: API.add_wechat_friend() takes 2 positional arguments but 3 were given

2025-08-04 21:44:19,761 [ERROR] Traceback (most recent call last):
  File "D:\DevelopmentProject\python\wxauto\.venv\Lib\site-packages\webview\util.py", line 241, in _call
    result = func(*func_params)
             ^^^^^^^^^^^^^^^^^^
TypeError: API.add_wechat_friend() takes 2 positional arguments but 3 were given

2025-08-04 21:44:19,767 [ERROR] Traceback (most recent call last):
  File "D:\DevelopmentProject\python\wxauto\.venv\Lib\site-packages\webview\util.py", line 241, in _call
    result = func(*func_params)
             ^^^^^^^^^^^^^^^^^^
TypeError: API.add_wechat_friend() takes 2 positional arguments but 3 were given

2025-08-04 21:44:19,770 [ERROR] Traceback (most recent call last):
  File "D:\DevelopmentProject\python\wxauto\.venv\Lib\site-packages\webview\util.py", line 241, in _call
    result = func(*func_params)
             ^^^^^^^^^^^^^^^^^^
TypeError: API.add_wechat_friend() takes 2 positional arguments but 3 were given

2025-08-04 21:44:19,779 [ERROR] Traceback (most recent call last):
  File "D:\DevelopmentProject\python\wxauto\.venv\Lib\site-packages\webview\util.py", line 241, in _call
    result = func(*func_params)
             ^^^^^^^^^^^^^^^^^^
TypeError: API.add_wechat_friend() takes 2 positional arguments but 3 were given

2025-08-04 21:44:19,783 [ERROR] Traceback (most recent call last):
  File "D:\DevelopmentProject\python\wxauto\.venv\Lib\site-packages\webview\util.py", line 241, in _call
    result = func(*func_params)
             ^^^^^^^^^^^^^^^^^^
TypeError: API.add_wechat_friend() takes 2 positional arguments but 3 were given

2025-08-04 21:44:19,788 [ERROR] Traceback (most recent call last):
  File "D:\DevelopmentProject\python\wxauto\.venv\Lib\site-packages\webview\util.py", line 241, in _call
    result = func(*func_params)
             ^^^^^^^^^^^^^^^^^^
TypeError: API.add_wechat_friend() takes 2 positional arguments but 3 were given

2025-08-04 21:47:49,588 [INFO] 找到微信窗口
2025-08-04 21:51:08,788 [INFO] 找到微信窗口
2025-08-04 21:51:08,788 [INFO] 🔄 使用混合模式添加好友: Ybycy19940805
2025-08-04 22:04:01,650 [INFO] 找到微信窗口
2025-08-04 22:04:10,562 [INFO] 找到微信窗口
2025-08-04 22:04:10,562 [INFO] 🔄 使用混合模式添加好友: Ybycy19940805
2025-08-04 22:19:36,478 [INFO] 找到微信窗口
2025-08-04 22:19:49,639 [INFO] 找到微信窗口
2025-08-04 22:19:49,639 [INFO] 🔄 使用混合模式添加好友: Ybycy19940805
2025-08-04 22:37:52,605 [INFO] 找到微信窗口
2025-08-04 22:38:07,719 [INFO] 找到微信窗口
2025-08-04 22:38:07,720 [INFO] 🔄 使用混合模式添加好友: Ybycy19940805
2025-08-04 22:53:48,055 [INFO] 找到微信窗口
2025-08-04 22:53:54,823 [INFO] 找到微信窗口
2025-08-04 22:53:54,823 [INFO] 🔄 使用混合模式添加好友: Ybycy19940805
